[debug] > Exec(all {file:/C:/Memoria%20Guerra/9no%20Semestre/PSFD/Pollution/}pollution/products {file:/C:/Memoria%20Guerra/9no%20Semestre/PSFD/Pollution/}pollution/test:products, None, None)
[debug] Evaluating tasks: Compile / products, Test / products
[debug] Running task... Cancel: Signal, check cycles: false, forcegc: true
[info] compiling 8 Scala sources to C:\Memoria Guerra\9no Semestre\PSFD\Pollution\target\scala-2.13\classes ...
[info] C:\Memoria Guerra\9no Semestre\PSFD\Pollution\src\main\scala\adapters\postgresql\PostgreSQL.scala:1:1: 
[info] Found names but no class, trait or object is defined in the compilation unit.
[info] The incremental compiler cannot record the dependency information in such case.
[info] Some errors like unused import referring to a non-existent class might not be reported.
[info]     
[info] package eci.edu.co
[info] ^
[info] C:\Memoria Guerra\9no Semestre\PSFD\Pollution\src\main\scala\adapters\postgresql\PostgreSQL.scala:1:1: 
[info] Found top level imports but no class, trait or object is defined in the compilation unit.
[info] The incremental compiler cannot record the dependency information in such case.
[info] Some errors like unused import referring to a non-existent class might not be reported.
[info]     
[info] package eci.edu.co
[info] ^
[info] done compiling
[success] Total time: 10 s, completed 1 dic. 2023 00:10:37
[debug] > Exec(idea-shell, None, None)
[debug] > Exec(, None, None)
[debug] > Exec(idea-shell, None, None)
