[debug] > Exec(early(addDefaultCommands), None, None)
[debug] > Exec(addDefaultCommands, None, None)
[debug] > Exec(early(initialize), None, None)
[debug] > Exec(initialize, None, None)
[debug] > Exec(early(addPluginSbtFile="""C:\Users\Ethan\AppData\Local\Temp\idea.sbt"""), None, None)
[debug] > Exec(addPluginSbtFile="""C:\Users\Ethan\AppData\Local\Temp\idea.sbt""", None, None)
[debug] > Exec(boot, None, None)
[debug] > Exec(writeSbtVersion, None, None)
[debug] > Exec(reload, None, None)
[debug] > Exec(sbtStashOnFailure, None, None)
[debug] > Exec(onFailure loadFailed, None, None)
[debug] > Exec(loadp, None, None)
[info] welcome to sbt 1.5.5 (Oracle Corporation Java 17.0.8)
[debug]       Load.loadUnit: plugins took 360.7663ms
[debug]       Load.loadUnit: defsScala took 0.9415ms
[debug] [Loading] Scanning directory C:\Users\Ethan\.sbt\1.0\plugins
[debug] [Loading] Found non-root projects 
[debug] [Loading] Done in C:\Users\Ethan\.sbt\1.0\plugins, returning: ()
[debug] deducing auto plugins based on known facts Set(Atom(sbt.plugins.CorePlugin)) and clauses Clauses(Clause(Atom(sbt.plugins.JvmPlugin),Set(Atom(sbt.plugins.IvyPlugin)))
[debug] Clause(Atom(sbt.ScriptedPlugin),Set(Atom(sbt.plugins.JvmPlugin)))
[debug] Clause(Atom(sbt.plugins.SbtPlugin),Set(Atom(sbt.ScriptedPlugin)))
[debug] Clause(Atom(sbt.plugins.SemanticdbPlugin),Set(Atom(sbt.plugins.JvmPlugin)))
[debug] Clause(Atom(sbt.plugins.JUnitXmlReportPlugin),Set(Atom(sbt.plugins.JvmPlugin)))
[debug] Clause(Atom(sbt.plugins.MiniDependencyTreePlugin),Set(Atom(sbt.plugins.JvmPlugin)))
[debug] Clause(Atom(sbt.plugins.CorePlugin),Set(Atom(sbt.plugins.IvyPlugin)))
[debug] Clause(Atom(sbt.plugins.IvyPlugin),Set(Atom(sbt.plugins.JvmPlugin)))
[debug] Clause(Atom(sbt.plugins.JvmPlugin),Set(Atom(sbt.plugins.SemanticdbPlugin)))
[debug] Clause(Atom(sbt.plugins.JvmPlugin),Set(Atom(sbt.plugins.JUnitXmlReportPlugin)))
[debug] Clause(Atom(sbt.plugins.CorePlugin),Set(Atom(sbt.plugins.Giter8TemplatePlugin)))
[debug] Clause(Atom(sbt.plugins.JvmPlugin),Set(Atom(sbt.plugins.MiniDependencyTreePlugin))))
[debug]   :: deduced result: Matched(sbt.plugins.CorePlugin,sbt.plugins.Giter8TemplatePlugin,sbt.plugins.IvyPlugin,sbt.plugins.JvmPlugin,sbt.plugins.MiniDependencyTreePlugin,sbt.plugins.JUnitXmlReportPlugin,sbt.plugins.SemanticdbPlugin)
[debug] Plugins.deducer#function took 29.8241 ms
[debug]           Load.resolveProject(global-plugins) took 71.4472ms
[debug]         Load.loadTransitive: finalizeProject(Project(id global-plugins, base: C:\Users\Ethan\.sbt\1.0\plugins, plugins: List(<none>))) took 151.6232ms
[debug] [Loading] Done in C:\Users\Ethan\.sbt\1.0\plugins, returning: (global-plugins)
[debug]       Load.loadUnit: loadedProjectsRaw took 195.8648ms
[debug]       Load.loadUnit: cleanEvalClasses took 0.4783ms
[debug]     Load.loadUnit(file:/C:/Users/Ethan/.sbt/1.0/plugins/, ...) took 577.5725ms
[debug]   Load.apply: load took 1280.2067ms
[debug]   Load.apply: resolveProjects took 10.3693ms
[debug]   Load.apply: finalTransforms took 158.347ms
[debug]   Load.apply: config.delegates took 23.2601ms
[debug]   Load.apply: Def.make(settings)... took 938.6581ms
[debug]   Load.apply: structureIndex took 156.7638ms
[debug]   Load.apply: mkStreams took 2.8379ms
[info] loading global plugins from C:\Users\Ethan\.sbt\1.0\plugins
[debug] Running task... Cancel: Signal, check cycles: false, forcegc: true
[debug] Load.defaultLoad until apply took 13289.2458ms
[debug]           Load.loadUnit: plugins took 30.8315ms
[debug]           Load.loadUnit: defsScala took 0.0042ms
[debug] [Loading] Scanning directory C:\Memoria Guerra\9no Semestre\PSFD\Pollution\project
[debug]             Load.loadUnit: mkEval took 41.076ms
[debug] [Loading] Found non-root projects 
[debug] [Loading] Done in C:\Memoria Guerra\9no Semestre\PSFD\Pollution\project, returning: ()
[debug] deducing auto plugins based on known facts Set(Atom(sbt.plugins.CorePlugin)) and clauses Clauses(Clause(Atom(sbt.plugins.JvmPlugin),Set(Atom(sbt.plugins.IvyPlugin)))
[debug] Clause(Atom(sbt.ScriptedPlugin),Set(Atom(sbt.plugins.JvmPlugin)))
[debug] Clause(Atom(sbt.plugins.SbtPlugin),Set(Atom(sbt.ScriptedPlugin)))
[debug] Clause(Atom(sbt.plugins.SemanticdbPlugin),Set(Atom(sbt.plugins.JvmPlugin)))
[debug] Clause(Atom(sbt.plugins.JUnitXmlReportPlugin),Set(Atom(sbt.plugins.JvmPlugin)))
[debug] Clause(Atom(sbt.plugins.MiniDependencyTreePlugin),Set(Atom(sbt.plugins.JvmPlugin)))
[debug] Clause(Atom(sbt.plugins.CorePlugin),Set(Atom(sbt.plugins.IvyPlugin)))
[debug] Clause(Atom(sbt.plugins.IvyPlugin),Set(Atom(sbt.plugins.JvmPlugin)))
[debug] Clause(Atom(sbt.plugins.JvmPlugin),Set(Atom(sbt.plugins.SemanticdbPlugin)))
[debug] Clause(Atom(sbt.plugins.JvmPlugin),Set(Atom(sbt.plugins.JUnitXmlReportPlugin)))
[debug] Clause(Atom(sbt.plugins.CorePlugin),Set(Atom(sbt.plugins.Giter8TemplatePlugin)))
[debug] Clause(Atom(sbt.plugins.JvmPlugin),Set(Atom(sbt.plugins.MiniDependencyTreePlugin))))
[debug]   :: deduced result: Matched(sbt.plugins.CorePlugin,sbt.plugins.Giter8TemplatePlugin,sbt.plugins.IvyPlugin,sbt.plugins.JvmPlugin,sbt.plugins.MiniDependencyTreePlugin,sbt.plugins.JUnitXmlReportPlugin,sbt.plugins.SemanticdbPlugin)
[debug] Plugins.deducer#function took 1.9806 ms
[info] loading settings for project pollution-build from plugins.sbt,scalapb.sbt,idea.sbt ...
[debug]               Load.resolveProject(pollution-build) took 13.9434ms
[debug]             Load.loadTransitive: finalizeProject(Project(id pollution-build, base: C:\Memoria Guerra\9no Semestre\PSFD\Pollution\project, plugins: List(<none>))) took 16.5625ms
[debug] [Loading] Done in C:\Memoria Guerra\9no Semestre\PSFD\Pollution\project, returning: (pollution-build)
[debug]           Load.loadUnit: loadedProjectsRaw took 652.9752ms
[debug]           Load.loadUnit: cleanEvalClasses took 23.6973ms
[debug]         Load.loadUnit(file:/C:/Memoria%20Guerra/9no%20Semestre/PSFD/Pollution/project/, ...) took 708.5304ms
[debug]       Load.apply: load took 710.7971ms
[debug]       Load.apply: resolveProjects took 0.2011ms
[debug]       Load.apply: finalTransforms took 16.0165ms
[debug]       Load.apply: config.delegates took 0.5516ms
[debug]       Load.apply: Def.make(settings)... took 111.9103ms
[debug]       Load.apply: structureIndex took 36.7581ms
[debug]       Load.apply: mkStreams took 0.0042ms
[info] loading project definition from C:\Memoria Guerra\9no Semestre\PSFD\Pollution\project
[debug] Running task... Cancel: Signal, check cycles: false, forcegc: true
[debug]     Load.loadUnit: plugins took 2984.2697ms
[debug]     Load.loadUnit: defsScala took 0.0032ms
[debug] [Loading] Scanning directory C:\Memoria Guerra\9no Semestre\PSFD\Pollution
[debug]       Load.loadUnit: mkEval took 0.2712ms
[debug] [Loading] Found non-root projects 
[debug] [Loading] Done in C:\Memoria Guerra\9no Semestre\PSFD\Pollution, returning: ()
[debug] deducing auto plugins based on known facts Set(Atom(sbt.plugins.CorePlugin)) and clauses Clauses(Clause(Atom(sbt.plugins.JvmPlugin),Set(Atom(sbt.plugins.IvyPlugin)))
[debug] Clause(Atom(sbt.ScriptedPlugin),Set(Atom(sbt.plugins.JvmPlugin)))
[debug] Clause(Atom(sbt.plugins.SbtPlugin),Set(Atom(sbt.ScriptedPlugin)))
[debug] Clause(Atom(sbt.plugins.SemanticdbPlugin),Set(Atom(sbt.plugins.JvmPlugin)))
[debug] Clause(Atom(sbt.plugins.JUnitXmlReportPlugin),Set(Atom(sbt.plugins.JvmPlugin)))
[debug] Clause(Atom(sbt.plugins.MiniDependencyTreePlugin),Set(Atom(sbt.plugins.JvmPlugin)))
[debug] Clause(Atom(sbtide.ConfigPlugin),Set(Atom(sbt.plugins.JvmPlugin)))
[debug] Clause(Atom(sbtprotoc.ProtocPlugin),Set(Atom(sbt.plugins.JvmPlugin)))
[debug] Clause(Atom(org.jetbrains.sbt.StructurePlugin),Set(Atom(sbt.plugins.JvmPlugin)))
[debug] Clause(Atom(org.jetbrains.sbt.IdeaShellPlugin),Set(Atom(sbt.plugins.JvmPlugin)))
[debug] Clause(Atom(org.jetbrains.sbt.indices.SbtIntellijIndicesPlugin),Set(Atom(sbt.plugins.JvmPlugin)))
[debug] Clause(Atom(org.portablescala.sbtplatformdeps.PlatformDepsPlugin),Set(Atom(sbt.plugins.JvmPlugin)))
[debug] Clause(Atom(sbt.plugins.CorePlugin),Set(Atom(sbt.plugins.IvyPlugin)))
[debug] Clause(Atom(sbt.plugins.IvyPlugin),Set(Atom(sbt.plugins.JvmPlugin)))
[debug] Clause(Atom(sbt.plugins.JvmPlugin),Set(Atom(sbt.plugins.SemanticdbPlugin)))
[debug] Clause(Atom(sbt.plugins.JvmPlugin),Set(Atom(sbt.plugins.JUnitXmlReportPlugin)))
[debug] Clause(Atom(sbt.plugins.CorePlugin),Set(Atom(sbt.plugins.Giter8TemplatePlugin)))
[debug] Clause(Atom(sbt.plugins.JvmPlugin),Set(Atom(sbt.plugins.MiniDependencyTreePlugin)))
[debug] Clause(Atom(sbt.plugins.JvmPlugin),Set(Atom(sbtprotoc.ProtocPlugin)))
[debug] Clause(Atom(sbt.plugins.JvmPlugin),Set(Atom(org.jetbrains.sbt.StructurePlugin)))
[debug] Clause(Atom(sbt.plugins.JvmPlugin),Set(Atom(org.jetbrains.sbt.IdeaShellPlugin)))
[debug] Clause(And(Set(Atom(sbt.plugins.CorePlugin), Atom(sbt.plugins.JvmPlugin))),Set(Atom(org.jetbrains.sbt.indices.SbtIntellijIndicesPlugin)))
[debug] Clause(Atom(sbt.plugins.JvmPlugin),Set(Atom(org.portablescala.sbtplatformdeps.PlatformDepsPlugin))))
[debug]   :: deduced result: Matched(sbt.plugins.CorePlugin,sbt.plugins.Giter8TemplatePlugin,sbt.plugins.IvyPlugin,sbt.plugins.JvmPlugin,org.portablescala.sbtplatformdeps.PlatformDepsPlugin,sbt.plugins.SemanticdbPlugin,org.jetbrains.sbt.indices.SbtIntellijIndicesPlugin,sbt.plugins.JUnitXmlReportPlugin,sbtprotoc.ProtocPlugin,org.jetbrains.sbt.IdeaShellPlugin,org.jetbrains.sbt.StructurePlugin,sbt.plugins.MiniDependencyTreePlugin)
[debug] Plugins.deducer#function took 4.2476 ms
[info] loading settings for project pollution from build.sbt ...
[debug]         Load.resolveProject(pollution) took 34.2498ms
[debug]       Load.loadTransitive: finalizeProject(Project(id pollution, base: C:\Memoria Guerra\9no Semestre\PSFD\Pollution, plugins: List(<none>))) took 40.0599ms
[debug] [Loading] Done in C:\Memoria Guerra\9no Semestre\PSFD\Pollution, returning: (pollution)
[debug]     Load.loadUnit: loadedProjectsRaw took 1417.6701ms
[debug]     Load.loadUnit: cleanEvalClasses took 103.1309ms
[debug]   Load.loadUnit(file:/C:/Memoria%20Guerra/9no%20Semestre/PSFD/Pollution/, ...) took 4506.197ms
[debug] Load.apply: load took 4509.3795ms
[debug] Load.apply: resolveProjects took 0.1338ms
[debug] Load.apply: finalTransforms took 39.4447ms
[debug] Load.apply: config.delegates took 0.3381ms
[debug] Load.apply: Def.make(settings)... took 129.8147ms
[debug] Load.apply: structureIndex took 48.1832ms
[debug] Load.apply: mkStreams took 0.0025ms
[info] set current project to Pollution (in build file:/C:/Memoria%20Guerra/9no%20Semestre/PSFD/Pollution/)
[warn] there's a key that's not used by any other settings/tasks:
[warn]  
[warn] * pollution / idePackagePrefix
[warn]   +- C:\Memoria Guerra\9no Semestre\PSFD\Pollution\build.sbt:7
[warn]  
[warn] note: a setting might still be used by a command; to exclude a key from this `lintUnused` check
[warn] either append it to `Global / excludeLintKeys` or call .withRank(KeyRanks.Invisible) on the key
[debug] > Exec(sbtPopOnFailure, None, None)
[debug] > Exec(resumeFromFailure, None, None)
[debug] > Exec(notifyUsersAboutShell, None, None)
[debug] > Exec(iflast shell, None, None)
[debug] > Exec(; set ideaPort in Global := 62468 ; idea-shell, None, None)
[debug] > Exec(set ideaPort in Global := 62468, None, None)
[info] Defining Global / ideaPort
[info] The new value will be used by Compile / compile, Test / compile
[debug] Defining 
[debug] 	Global / ideaPort
[debug] 
[debug] The new value will be used by 
[debug] 	Compile / compile
[debug] 	Test / compile
[info] Reapplying settings...
[info] set current project to Pollution (in build file:/C:/Memoria%20Guerra/9no%20Semestre/PSFD/Pollution/)
[debug] > Exec(idea-shell, None, None)
