[debug] > Exec(all {file:/C:/Memoria%20Guerra/9no%20Semestre/PSFD/Pollution/}pollution/products {file:/C:/Memoria%20Guerra/9no%20Semestre/PSFD/Pollution/}pollution/test:products, None, None)
[warn] build source files have changed
[warn] modified files: 
[warn]   C:\Memoria Guerra\9no Semestre\PSFD\Pollution\build.sbt
[warn] Apply these changes by running `reload`.
[warn] Automatically reload the build when source changes are detected by setting `Global / onChangedBuildSource := ReloadOnSourceChanges`.
[warn] Disable this warning by setting `Global / onChangedBuildSource := IgnoreSourceChanges`.
[debug] Evaluating tasks: Compile / products, Test / products
[debug] Running task... Cancel: Signal, check cycles: false, forcegc: true
[info] compiling 2 Scala sources to C:\Memoria Guerra\9no Semestre\PSFD\Pollution\target\scala-2.13\classes ...
[error] C:\Memoria Guerra\9no Semestre\PSFD\Pollution\src\main\scala\Pollution.scala:10:8: not found: object play
[error] import play.api.libs.json._
[error]        ^
[error] one error found
[debug] Forcing garbage collection...
[error] (Compile / compileIncremental) Compilation failed
[error] Total time: 2 s, completed 30 nov. 2023 22:25:34
[debug] > Exec(idea-shell, None, None)
[debug] > Exec(, None, None)
[debug] > Exec(idea-shell, None, None)
